<?xml version="1.0" encoding="UTF-8"?>
<testsuite xmlns:xsi="http://www.w3.org/2001/XMLSchema-instance" xsi:noNamespaceSchemaLocation="https://maven.apache.org/surefire/maven-surefire-plugin/xsd/surefire-test-report.xsd" version="3.0.2" name="com.champs.downmidia.DownmidiaApplicationTests" time="5.135" tests="1" errors="0" skipped="0" failures="0">
  <properties>
[...]
</properties>
  <testcase name="contextLoads" classname="com.champs.downmidia.DownmidiaApplicationTests" time="1.283">
    <system-out><![CDATA[19:49:46.630 [main] INFO org.springframework.test.context.support.AnnotationConfigContextLoaderUtils -- Could not detect default configuration classes for test class [com.champs.downmidia.DownmidiaApplicationTests]: DownmidiaApplicationTests does not declare any static, non-private, non-final, nested classes annotated with @Configuration.
19:49:46.855 [main] INFO org.springframework.boot.test.context.SpringBootTestContextBootstrapper -- Found @SpringBootConfiguration com.champs.downmidia.DownmidiaApplication for test class com.champs.downmidia.DownmidiaApplicationTests
19:49:47.227 [main] INFO org.springframework.boot.devtools.restart.RestartApplicationListener -- Restart disabled due to context in which it is running

  .   ____          _            __ _ _
 /\\ / ___'_ __ _ _(_)_ __  __ _ \ \ \ \
( ( )\___ | '_ | '_| | '_ \/ _` | \ \ \ \
 \\/  ___)| |_)| | | | | || (_| |  ) ) ) )
  '  |____| .__|_| |_|_| |_\__, | / / / /
 =========|_|==============|___/=/_/_/_/

 :: Spring Boot ::                (v3.5.0)

2025-06-05T19:49:47.881-03:00  INFO 13724 --- [downmidia] [           main] c.c.downmidia.DownmidiaApplicationTests  : Starting DownmidiaApplicationTests using Java 21.0.7 with PID 13724 (started by champs in /media/champs/PROGRAMACAO/Portfolio/DownMidias/downmidia)
2025-06-05T19:49:47.884-03:00  INFO 13724 --- [downmidia] [           main] c.c.downmidia.DownmidiaApplicationTests  : No active profile set, falling back to 1 default profile: "default"
2025-06-05T19:49:50.143-03:00  INFO 13724 --- [downmidia] [           main] c.c.downmidia.DownmidiaApplicationTests  : Started DownmidiaApplicationTests in 2.946 seconds (process running for 4.835)
]]></system-out>
    <system-err><![CDATA[Mockito is currently self-attaching to enable the inline-mock-maker. This will no longer work in future releases of the JDK. Please add Mockito as an agent to your build as described in Mockito's documentation: https://javadoc.io/doc/org.mockito/mockito-core/latest/org.mockito/org/mockito/Mockito.html#0.3
WARNING: A Java agent has been loaded dynamically (/home/champs/.m2/repository/net/bytebuddy/byte-buddy-agent/1.17.5/byte-buddy-agent-1.17.5.jar)
WARNING: If a serviceability tool is in use, please run with -XX:+EnableDynamicAgentLoading to hide this warning
WARNING: If a serviceability tool is not in use, please run with -Djdk.instrument.traceUsage for more information
WARNING: Dynamic loading of agents will be disallowed by default in a future release
]]></system-err>
  </testcase>
</testsuite>